kotlin version: 2.0.21
error message: org.jetbrains.kotlin.backend.common.BackendException: Backend Internal error: Exception during IR lowering
File being compiled: C:/Users/ToqSoft/AndroidStudioProjects/CustomClass/app/src/main/java/com/example/customclass/cubeanimation/CubeAnimation.kt
The root cause java.lang.RuntimeException was thrown at: org.jetbrains.kotlin.backend.jvm.codegen.FunctionCodegen.generate(FunctionCodegen.kt:47)
	at org.jetbrains.kotlin.backend.common.CodegenUtil.reportBackendException(CodegenUtil.kt:253)
	at org.jetbrains.kotlin.backend.common.CodegenUtil.reportBackendException$default(CodegenUtil.kt:236)
	at org.jetbrains.kotlin.backend.common.phaser.PerformByIrFilePhase.invokeSequential(performByIrFile.kt:65)
	at org.jetbrains.kotlin.backend.common.phaser.PerformByIrFilePhase.invoke(performByIrFile.kt:52)
	at org.jetbrains.kotlin.backend.common.phaser.PerformByIrFilePhase.invoke(performByIrFile.kt:38)
	at org.jetbrains.kotlin.backend.common.phaser.NamedCompilerPhase.phaseBody(CompilerPhase.kt:166)
	at org.jetbrains.kotlin.backend.common.phaser.AbstractNamedCompilerPhase.invoke(CompilerPhase.kt:113)
	at org.jetbrains.kotlin.backend.common.phaser.CompositePhase.invoke(PhaseBuilders.kt:27)
	at org.jetbrains.kotlin.backend.common.phaser.CompositePhase.invoke(PhaseBuilders.kt:14)
	at org.jetbrains.kotlin.backend.common.phaser.NamedCompilerPhase.phaseBody(CompilerPhase.kt:166)
	at org.jetbrains.kotlin.backend.common.phaser.AbstractNamedCompilerPhase.invoke(CompilerPhase.kt:113)
	at org.jetbrains.kotlin.backend.common.phaser.CompilerPhaseKt.invokeToplevel(CompilerPhase.kt:62)
	at org.jetbrains.kotlin.backend.jvm.JvmIrCodegenFactory.invokeCodegen(JvmIrCodegenFactory.kt:371)
	at org.jetbrains.kotlin.codegen.CodegenFactory.generateModule(CodegenFactory.kt:47)
	at org.jetbrains.kotlin.backend.jvm.JvmIrCodegenFactory.generateModuleInFrontendIRMode(JvmIrCodegenFactory.kt:433)
	at org.jetbrains.kotlin.cli.jvm.compiler.pipeline.JvmCompilerPipelineKt.generateCodeFromIr(jvmCompilerPipeline.kt:246)
	at org.jetbrains.kotlin.cli.jvm.compiler.pipeline.JvmCompilerPipelineKt.compileModulesUsingFrontendIrAndLightTree(jvmCompilerPipeline.kt:142)
	at org.jetbrains.kotlin.cli.jvm.K2JVMCompiler.doExecute(K2JVMCompiler.kt:148)
	at org.jetbrains.kotlin.cli.jvm.K2JVMCompiler.doExecute(K2JVMCompiler.kt:43)
	at org.jetbrains.kotlin.cli.common.CLICompiler.execImpl(CLICompiler.kt:103)
	at org.jetbrains.kotlin.cli.common.CLICompiler.execImpl(CLICompiler.kt:49)
	at org.jetbrains.kotlin.cli.common.CLITool.exec(CLITool.kt:101)
	at org.jetbrains.kotlin.incremental.IncrementalJvmCompilerRunner.runCompiler(IncrementalJvmCompilerRunner.kt:464)
	at org.jetbrains.kotlin.incremental.IncrementalJvmCompilerRunner.runCompiler(IncrementalJvmCompilerRunner.kt:73)
	at org.jetbrains.kotlin.incremental.IncrementalCompilerRunner.doCompile(IncrementalCompilerRunner.kt:506)
	at org.jetbrains.kotlin.incremental.IncrementalCompilerRunner.compileImpl(IncrementalCompilerRunner.kt:423)
	at org.jetbrains.kotlin.incremental.IncrementalCompilerRunner.compileNonIncrementally(IncrementalCompilerRunner.kt:301)
	at org.jetbrains.kotlin.incremental.IncrementalCompilerRunner.compile(IncrementalCompilerRunner.kt:129)
	at org.jetbrains.kotlin.daemon.CompileServiceImplBase.execIncrementalCompiler(CompileServiceImpl.kt:675)
	at org.jetbrains.kotlin.daemon.CompileServiceImplBase.access$execIncrementalCompiler(CompileServiceImpl.kt:92)
	at org.jetbrains.kotlin.daemon.CompileServiceImpl.compile(CompileServiceImpl.kt:1660)
	at java.base/jdk.internal.reflect.DirectMethodHandleAccessor.invoke(Unknown Source)
	at java.base/java.lang.reflect.Method.invoke(Unknown Source)
	at java.rmi/sun.rmi.server.UnicastServerRef.dispatch(Unknown Source)
	at java.rmi/sun.rmi.transport.Transport$1.run(Unknown Source)
	at java.rmi/sun.rmi.transport.Transport$1.run(Unknown Source)
	at java.base/java.security.AccessController.doPrivileged(Unknown Source)
	at java.rmi/sun.rmi.transport.Transport.serviceCall(Unknown Source)
	at java.rmi/sun.rmi.transport.tcp.TCPTransport.handleMessages(Unknown Source)
	at java.rmi/sun.rmi.transport.tcp.TCPTransport$ConnectionHandler.run0(Unknown Source)
	at java.rmi/sun.rmi.transport.tcp.TCPTransport$ConnectionHandler.lambda$run$0(Unknown Source)
	at java.base/java.security.AccessController.doPrivileged(Unknown Source)
	at java.rmi/sun.rmi.transport.tcp.TCPTransport$ConnectionHandler.run(Unknown Source)
	at java.base/java.util.concurrent.ThreadPoolExecutor.runWorker(Unknown Source)
	at java.base/java.util.concurrent.ThreadPoolExecutor$Worker.run(Unknown Source)
	at java.base/java.lang.Thread.run(Unknown Source)
Caused by: java.lang.RuntimeException: Exception while generating code for:
FUN name:initialize visibility:public modality:OPEN <> ($this:com.example.customclass.cubeanimation.CubeAnimation.VerticalCubeAnimation, width:kotlin.Int, height:kotlin.Int, parentWidth:kotlin.Int, parentHeight:kotlin.Int) returnType:kotlin.Unit
  overridden:
    public open fun initialize (width: kotlin.Int, height: kotlin.Int, parentWidth: kotlin.Int, parentHeight: kotlin.Int): kotlin.Unit declared in com.example.customclass.cubeanimation.CubeAnimation
  $this: VALUE_PARAMETER name:<this> type:com.example.customclass.cubeanimation.CubeAnimation.VerticalCubeAnimation
  VALUE_PARAMETER name:width index:0 type:kotlin.Int
  VALUE_PARAMETER name:height index:1 type:kotlin.Int
  VALUE_PARAMETER name:parentWidth index:2 type:kotlin.Int
  VALUE_PARAMETER name:parentHeight index:3 type:kotlin.Int
  BLOCK_BODY
    CALL 'public open fun initialize (width: kotlin.Int, height: kotlin.Int, parentWidth: kotlin.Int, parentHeight: kotlin.Int): kotlin.Unit declared in com.example.customclass.cubeanimation.CubeAnimation' superQualifier='CLASS CLASS name:CubeAnimation modality:OPEN visibility:public superTypes:[android.view.animation.Animation]' type=kotlin.Unit origin=null
      $this: GET_VAR '<this>: com.example.customclass.cubeanimation.CubeAnimation.VerticalCubeAnimation declared in com.example.customclass.cubeanimation.CubeAnimation.VerticalCubeAnimation.initialize' type=com.example.customclass.cubeanimation.CubeAnimation.VerticalCubeAnimation origin=null
      width: GET_VAR 'width: kotlin.Int declared in com.example.customclass.cubeanimation.CubeAnimation.VerticalCubeAnimation.initialize' type=kotlin.Int origin=null
      height: GET_VAR 'height: kotlin.Int declared in com.example.customclass.cubeanimation.CubeAnimation.VerticalCubeAnimation.initialize' type=kotlin.Int origin=null
      parentWidth: GET_VAR 'parentWidth: kotlin.Int declared in com.example.customclass.cubeanimation.CubeAnimation.VerticalCubeAnimation.initialize' type=kotlin.Int origin=null
      parentHeight: GET_VAR 'parentHeight: kotlin.Int declared in com.example.customclass.cubeanimation.CubeAnimation.VerticalCubeAnimation.initialize' type=kotlin.Int origin=null
    SET_FIELD 'FIELD IR_EXTERNAL_JAVA_DECLARATION_STUB name:pivotX type:kotlin.Int visibility:public [final,static] declared in android.R.attr' type=kotlin.Unit superQualifierSymbol=android.R.attr origin=EQ
      value: CALL 'public open fun toInt (): kotlin.Int declared in kotlin.Float' type=kotlin.Int origin=null
        $this: CALL 'public final fun times (other: kotlin.Float): kotlin.Float [operator] declared in kotlin.Int' type=kotlin.Float origin=MUL
          $this: GET_VAR 'width: kotlin.Int declared in com.example.customclass.cubeanimation.CubeAnimation.VerticalCubeAnimation.initialize' type=kotlin.Int origin=null
          other: CONST Float type=kotlin.Float value=0.5
    SET_FIELD 'FIELD IR_EXTERNAL_JAVA_DECLARATION_STUB name:pivotY type:kotlin.Int visibility:public [final,static] declared in android.R.attr' type=kotlin.Unit superQualifierSymbol=android.R.attr origin=EQ
      value: CALL 'public open fun toInt (): kotlin.Int declared in kotlin.Float' type=kotlin.Int origin=null
        $this: WHEN type=kotlin.Float origin=IF
          BRANCH
            if: CALL 'public final fun EQEQ (arg0: kotlin.Any?, arg1: kotlin.Any?): kotlin.Boolean declared in kotlin.internal.ir' type=kotlin.Boolean origin=EQEQ
              arg0: CALL 'protected final fun <get-enter> (): kotlin.Boolean [fake_override] declared in com.example.customclass.cubeanimation.CubeAnimation.VerticalCubeAnimation' type=kotlin.Boolean origin=GET_PROPERTY
                $this: GET_VAR '<this>: com.example.customclass.cubeanimation.CubeAnimation.VerticalCubeAnimation declared in com.example.customclass.cubeanimation.CubeAnimation.VerticalCubeAnimation.initialize' type=com.example.customclass.cubeanimation.CubeAnimation.VerticalCubeAnimation origin=null
              arg1: CALL 'public final fun EQEQ (arg0: kotlin.Any?, arg1: kotlin.Any?): kotlin.Boolean declared in kotlin.internal.ir' type=kotlin.Boolean origin=EQEQ
                arg0: CALL 'protected final fun <get-direction> (): kotlin.Int [fake_override] declared in com.example.customclass.cubeanimation.CubeAnimation.VerticalCubeAnimation' type=kotlin.Int origin=GET_PROPERTY
                  $this: GET_VAR '<this>: com.example.customclass.cubeanimation.CubeAnimation.VerticalCubeAnimation declared in com.example.customclass.cubeanimation.CubeAnimation.VerticalCubeAnimation.initialize' type=com.example.customclass.cubeanimation.CubeAnimation.VerticalCubeAnimation origin=null
                arg1: CONST Int type=kotlin.Int value=1
            then: CONST Float type=kotlin.Float value=0.0
          BRANCH
            if: CONST Boolean type=kotlin.Boolean value=true
            then: CALL 'public open fun toFloat (): kotlin.Float declared in kotlin.Int' type=kotlin.Float origin=null
              $this: GET_VAR 'height: kotlin.Int declared in com.example.customclass.cubeanimation.CubeAnimation.VerticalCubeAnimation.initialize' type=kotlin.Int origin=null
    CALL 'protected final fun <set-pivotXFloat> (<set-?>: kotlin.Float): kotlin.Unit [fake_override] declared in com.example.customclass.cubeanimation.CubeAnimation.VerticalCubeAnimation' type=kotlin.Unit origin=EQ
      $this: GET_VAR '<this>: com.example.customclass.cubeanimation.CubeAnimation.VerticalCubeAnimation declared in com.example.customclass.cubeanimation.CubeAnimation.VerticalCubeAnimation.initialize' type=com.example.customclass.cubeanimation.CubeAnimation.VerticalCubeAnimation origin=null
      <set-?>: CALL 'public final fun times (other: kotlin.Float): kotlin.Float [operator] declared in kotlin.Int' type=kotlin.Float origin=MUL
        $this: GET_VAR 'width: kotlin.Int declared in com.example.customclass.cubeanimation.CubeAnimation.VerticalCubeAnimation.initialize' type=kotlin.Int origin=null
        other: CONST Float type=kotlin.Float value=0.5
    CALL 'protected final fun <set-pivotYFloat> (<set-?>: kotlin.Float): kotlin.Unit [fake_override] declared in com.example.customclass.cubeanimation.CubeAnimation.VerticalCubeAnimation' type=kotlin.Unit origin=EQ
      $this: GET_VAR '<this>: com.example.customclass.cubeanimation.CubeAnimation.VerticalCubeAnimation declared in com.example.customclass.cubeanimation.CubeAnimation.VerticalCubeAnimation.initialize' type=com.example.customclass.cubeanimation.CubeAnimation.VerticalCubeAnimation origin=null
      <set-?>: WHEN type=kotlin.Float origin=IF
        BRANCH
          if: CALL 'public final fun EQEQ (arg0: kotlin.Any?, arg1: kotlin.Any?): kotlin.Boolean declared in kotlin.internal.ir' type=kotlin.Boolean origin=EQEQ
            arg0: CALL 'protected final fun <get-enter> (): kotlin.Boolean [fake_override] declared in com.example.customclass.cubeanimation.CubeAnimation.VerticalCubeAnimation' type=kotlin.Boolean origin=GET_PROPERTY
              $this: GET_VAR '<this>: com.example.customclass.cubeanimation.CubeAnimation.VerticalCubeAnimation declared in com.example.customclass.cubeanimation.CubeAnimation.VerticalCubeAnimation.initialize' type=com.example.customclass.cubeanimation.CubeAnimation.VerticalCubeAnimation origin=null
            arg1: CALL 'public final fun EQEQ (arg0: kotlin.Any?, arg1: kotlin.Any?): kotlin.Boolean declared in kotlin.internal.ir' type=kotlin.Boolean origin=EQEQ
              arg0: CALL 'protected final fun <get-direction> (): kotlin.Int [fake_override] declared in com.example.customclass.cubeanimation.CubeAnimation.VerticalCubeAnimation' type=kotlin.Int origin=GET_PROPERTY
                $this: GET_VAR '<this>: com.example.customclass.cubeanimation.CubeAnimation.VerticalCubeAnimation declared in com.example.customclass.cubeanimation.CubeAnimation.VerticalCubeAnimation.initialize' type=com.example.customclass.cubeanimation.CubeAnimation.VerticalCubeAnimation origin=null
              arg1: CONST Int type=kotlin.Int value=1
          then: CONST Float type=kotlin.Float value=0.0
        BRANCH
          if: CONST Boolean type=kotlin.Boolean value=true
          then: CALL 'public open fun toFloat (): kotlin.Float declared in kotlin.Int' type=kotlin.Float origin=null
            $this: GET_VAR 'height: kotlin.Int declared in com.example.customclass.cubeanimation.CubeAnimation.VerticalCubeAnimation.initialize' type=kotlin.Int origin=null
    CALL 'public open fun setLocation (p0: kotlin.Float, p1: kotlin.Float, p2: kotlin.Float): kotlin.Unit declared in android.graphics.Camera' type=kotlin.Unit origin=null
      $this: CALL 'protected final fun <get-camera> (): android.graphics.Camera [fake_override] declared in com.example.customclass.cubeanimation.CubeAnimation.VerticalCubeAnimation' type=android.graphics.Camera origin=GET_PROPERTY
        $this: GET_VAR '<this>: com.example.customclass.cubeanimation.CubeAnimation.VerticalCubeAnimation declared in com.example.customclass.cubeanimation.CubeAnimation.VerticalCubeAnimation.initialize' type=com.example.customclass.cubeanimation.CubeAnimation.VerticalCubeAnimation origin=null
      p0: CONST Float type=kotlin.Float value=0.0
      p1: CONST Float type=kotlin.Float value=0.0
      p2: CALL 'public final fun times (other: kotlin.Float): kotlin.Float [operator] declared in kotlin.Int' type=kotlin.Float origin=MUL
        $this: CALL 'public final fun unaryMinus (): kotlin.Int [operator] declared in kotlin.Int' type=kotlin.Int origin=null
          $this: GET_VAR 'height: kotlin.Int declared in com.example.customclass.cubeanimation.CubeAnimation.VerticalCubeAnimation.initialize' type=kotlin.Int origin=null
        other: CONST Float type=kotlin.Float value=0.015

	at org.jetbrains.kotlin.backend.jvm.codegen.FunctionCodegen.generate(FunctionCodegen.kt:47)
	at org.jetbrains.kotlin.backend.jvm.codegen.FunctionCodegen.generate$default(FunctionCodegen.kt:40)
	at org.jetbrains.kotlin.backend.jvm.codegen.ClassCodegen.generateMethodNode(ClassCodegen.kt:406)
	at org.jetbrains.kotlin.backend.jvm.codegen.ClassCodegen.generateMethod(ClassCodegen.kt:423)
	at org.jetbrains.kotlin.backend.jvm.codegen.ClassCodegen.generate(ClassCodegen.kt:168)
	at org.jetbrains.kotlin.backend.jvm.codegen.ClassCodegen.generate(ClassCodegen.kt:181)
	at org.jetbrains.kotlin.backend.jvm.FileCodegen.lower(JvmPhases.kt:39)
	at org.jetbrains.kotlin.backend.common.phaser.PhaseFactoriesKt.createFilePhase$lambda$4(PhaseFactories.kt:71)
	at org.jetbrains.kotlin.backend.common.phaser.PhaseBuildersKt$createSimpleNamedCompilerPhase$1.phaseBody(PhaseBuilders.kt:69)
	at org.jetbrains.kotlin.backend.common.phaser.SimpleNamedCompilerPhase.phaseBody(CompilerPhase.kt:226)
	at org.jetbrains.kotlin.backend.common.phaser.AbstractNamedCompilerPhase.invoke(CompilerPhase.kt:113)
	at org.jetbrains.kotlin.backend.common.phaser.PerformByIrFilePhase.invokeSequential(performByIrFile.kt:62)
	... 43 more
Caused by: java.lang.AssertionError: access of const val: SET_FIELD 'FIELD IR_EXTERNAL_JAVA_DECLARATION_STUB name:pivotX type:kotlin.Int visibility:public [final,static] declared in android.R.attr' type=kotlin.Unit superQualifierSymbol=android.R.attr origin=EQ
  value: CALL 'public open fun toInt (): kotlin.Int declared in kotlin.Float' type=kotlin.Int origin=null
    $this: CALL 'public final fun times (other: kotlin.Float): kotlin.Float [operator] declared in kotlin.Int' type=kotlin.Float origin=MUL
      $this: GET_VAR 'width: kotlin.Int declared in com.example.customclass.cubeanimation.CubeAnimation.VerticalCubeAnimation.initialize' type=kotlin.Int origin=null
      other: CONST Float type=kotlin.Float value=0.5

	at org.jetbrains.kotlin.backend.jvm.codegen.ExpressionCodegen.visitFieldAccess(ExpressionCodegen.kt:861)
	at org.jetbrains.kotlin.backend.jvm.codegen.ExpressionCodegen.visitFieldAccess(ExpressionCodegen.kt:138)
	at org.jetbrains.kotlin.ir.visitors.IrElementVisitor$DefaultImpls.visitSetField(IrElementVisitor.kt:206)
	at org.jetbrains.kotlin.backend.jvm.codegen.ExpressionCodegen.visitSetField(ExpressionCodegen.kt:908)
	at org.jetbrains.kotlin.backend.jvm.codegen.ExpressionCodegen.visitSetField(ExpressionCodegen.kt:138)
	at org.jetbrains.kotlin.ir.expressions.IrSetField.accept(IrSetField.kt:21)
	at org.jetbrains.kotlin.backend.jvm.codegen.ExpressionCodegen.visitStatementContainer(ExpressionCodegen.kt:579)
	at org.jetbrains.kotlin.backend.jvm.codegen.ExpressionCodegen.visitBlockBody(ExpressionCodegen.kt:584)
	at org.jetbrains.kotlin.backend.jvm.codegen.ExpressionCodegen.visitBlockBody(ExpressionCodegen.kt:138)
	at org.jetbrains.kotlin.ir.expressions.IrBlockBody.accept(IrBlockBody.kt:20)
	at org.jetbrains.kotlin.backend.jvm.codegen.ExpressionCodegen.generate(ExpressionCodegen.kt:240)
	at org.jetbrains.kotlin.backend.jvm.codegen.FunctionCodegen.doGenerate(FunctionCodegen.kt:123)
	at org.jetbrains.kotlin.backend.jvm.codegen.FunctionCodegen.generate(FunctionCodegen.kt:44)
	... 54 more


